 JOB IS RUNNING ON HOST raj                             
UNDER THE OPERATING SYSTEM LINUX ON: 23/03/2026; AT: 16:25:26
 Initial Time   4.7879999999999997E-003
              
 ----------------BE Model-------------
              
 GRID SPACING  0.29999999999999999     
              
 Cycle:           1
 N_x=          80 N_y=          80 N_z=          80
 Ground State Energy (a.u.) =   -193.22044528000001     
 Triplet State Energy (a.u.) =   -193.07957926000000     
 triplet-excitation energy in ev=   3.8331052702201154     
 Kif (eV)=  0.25644832325371530     
 Osc. Strength (a.u.)=   2.3926684650356791E-005 and Singlet-Excitation energy (eV) =   4.0895535934738305     
              
 Cycle:           2
 N_x=          84 N_y=          84 N_z=          84
 Ground State Energy (a.u.) =   -193.22044528000001     
 Triplet State Energy (a.u.) =   -193.07957926000000     
 triplet-excitation energy in ev=   3.8331052702201154     
 Kif (eV)=  0.25644110711144708     
 Osc. Strength (a.u.)=   2.3926642430990805E-005 and Singlet-Excitation energy (eV) =   4.0895463773315628     
    
 Final Time   5.1849790000000002     
 Job is completed successfully
